<?xml version="1.0" encoding="UTF-8"?>
<!-- Generated by org.testng.reporters.JUnitReportReporter -->
<testsuite skipped="0" hostname="DESKTOP-VR1P7G4" name="com.walmart.qa.base.LoginPageTest" tests="3" failures="0" timestamp="05 Jun 2019 17:33:13 GMT" time="52.812" errors="0">
  <testcase name="loginPageTitleTest" time="20.066" classname="com.walmart.qa.base.LoginPageTest"/>
  <testcase name="walmartLogoImageTest" time="17.325" classname="com.walmart.qa.base.LoginPageTest"/>
  <testcase name="loginTest" time="15.421" classname="com.walmart.qa.base.LoginPageTest"/>
</testsuite> <!-- com.walmart.qa.base.LoginPageTest -->
